<?xml version="1.0" encoding="UTF-8"?>
<!-- Generated by org.testng.reporters.JUnitXMLReporter -->
<testsuite hostname="USTXPLLP00986" ignored="0" name="AppCheck" tests="1" failures="1" timestamp="26 May 2017 23:00:57 GMT" time="0.023" errors="0">
  <testcase name="main" time="0.0" classname="APIValidation.AppCheck">
    <failure type="org.testng.TestNGException" message="
Cannot inject @Test annotated Method [main] with [class [Ljava.lang.String;].
For more information on native dependency injection please refer to http://testng.org/doc/documentation-main.html#native-dependency-injection">
      <![CDATA[org.testng.TestNGException: 
Cannot inject @Test annotated Method [main] with [class [Ljava.lang.String;].
For more information on native dependency injection please refer to http://testng.org/doc/documentation-main.html#native-dependency-injection
... Removed 24 stack frames]]>
    </failure>
  </testcase> <!-- main -->
</testsuite> <!-- AppCheck -->
