<?xml version="1.0" encoding="UTF-8"?>
<testng-results skipped="0" failed="0" total="1" passed="1">
  <reporter-output>
  </reporter-output>
  <suite name="Suite" duration-ms="4369" started-at="2017-05-30T20:52:10Z" finished-at="2017-05-30T20:52:14Z">
    <groups>
    </groups>
    <test name="tmoCheck" duration-ms="4369" started-at="2017-05-30T20:52:10Z" finished-at="2017-05-30T20:52:14Z">
      <class name="APIValidation.tmoCheck">
        <test-method status="PASS" signature="main()[pri:0, instance:APIValidation.tmoCheck@6fadae5d]" name="main" duration-ms="4358" started-at="2017-05-30T13:52:10Z" finished-at="2017-05-30T13:52:14Z">
          <reporter-output>
          </reporter-output>
        </test-method> <!-- main -->
      </class> <!-- APIValidation.tmoCheck -->
    </test> <!-- tmoCheck -->
  </suite> <!-- Suite -->
</testng-results>
